ISim log file
Running: C:\cs221_lab\cs224_lab_8\mem_controller_test_isim_beh.exe -intstyle ise -gui -tclbatch isim.cmd -wdb C:/cs221_lab/cs224_lab_8/mem_controller_test_isim_beh.wdb 
INFO: There is another simulation running in the same directory. Using database file name isim1.wdb.
ISim P.40xd (signature 0x7708f090)
WARNING: A WEBPACK license was found.
WARNING: Please use Xilinx License Configuration Manager to check out a full ISim license.
WARNING: ISim will run in Lite mode. Please refer to the ISim documentation for more information on the differences between the Lite and the Full version.
This is a Lite version of ISim.
Time resolution is 1 ps
# onerror resume
# wave add /
# run 1000 ns
Simulator is doing circuit initialization process.
Finished circuit initialization process.
MAR = 00000,MDR = 00000000
MAR = 00000,MDR = 00000001
MAR = 00001,MDR = 00000001
MAR = 00001,MDR = 00000010
MAR = 00010,MDR = 00000010
MAR = 00010,MDR = 00000011
MAR = 00011,MDR = 00000011
MAR = 00011,MDR = 00000100
MAR = 00100,MDR = 00000100
MAR = 00100,MDR = 00000101
MAR = 00101,MDR = 00000101
MAR = 00101,MDR = 00000110
MAR = 00110,MDR = 00000110
MAR = 00110,MDR = 00000111
MAR = 00111,MDR = 00000111
MAR = 00111,MDR = 00001000
MAR = 01000,MDR = 00001000
MAR = 01000,MDR = 00001001
MAR = 01001,MDR = 00001001
MAR = 01001,MDR = 00001010
MAR = 01010,MDR = 00001010
MAR = 01010,MDR = 00001011
MAR = 01011,MDR = 00001011
MAR = 01011,MDR = 00001100
MAR = 01100,MDR = 00001100
MAR = 01100,MDR = 00001101
MAR = 01101,MDR = 00001101
MAR = 01101,MDR = 00001110
MAR = 01110,MDR = 00001110
MAR = 01110,MDR = 00001111
MAR = 01111,MDR = 00001111
MAR = 01111,MDR = 00010000
MAR = 10000,MDR = 00010000
MAR = 10000,MDR = 00010001
MAR = 10001,MDR = 00010001
MAR = 10001,MDR = 00010010
MAR = 10010,MDR = 00010010
MAR = 10010,MDR = 00010011
MAR = 10011,MDR = 00010011
MAR = 10011,MDR = 00010100
MAR = 10100,MDR = 00010100
# run 1.00us
MAR = 10100,MDR = 00010101
MAR = 10101,MDR = 00010101
MAR = 10101,MDR = 00010110
MAR = 10110,MDR = 00010110
MAR = 10110,MDR = 00010111
MAR = 10111,MDR = 00010111
MAR = 10111,MDR = 00011000
MAR = 11000,MDR = 00011000
MAR = 11000,MDR = 00011001
MAR = 11001,MDR = 00011001
MAR = 11001,MDR = 00011010
MAR = 11010,MDR = 00011010
MAR = 11010,MDR = 00011011
MAR = 11011,MDR = 00011011
MAR = 11011,MDR = 00011100
MAR = 11100,MDR = 00011100
MAR = 11100,MDR = 00011101
MAR = 11101,MDR = 00011101
MAR = 11101,MDR = 00011110
MAR = 11110,MDR = 00011110
MAR = 11110,MDR = 00011111
MAR = 11111,MDR = 00011111
MAR = 11111,MDR = 00100000
MAR = 00000,MDR = 00100000
MAR = 00000,MDR = 00100001
MAR = 00001,MDR = 00100001
MAR = 00001,MDR = 00100010
MAR = 00010,MDR = 00100010
MAR = 00010,MDR = 00100011
MAR = 00011,MDR = 00100011
MAR = 00011,MDR = 00100100
MAR = 00100,MDR = 00100100
MAR = 00100,MDR = 00100101
MAR = 00101,MDR = 00100101
MAR = 00101,MDR = 00100110
MAR = 00110,MDR = 00100110
MAR = 00110,MDR = 00100111
MAR = 00111,MDR = 00100111
MAR = 00111,MDR = 00101000
