ISim log file
Running: C:\cs221_lab\cs224_quiz2\quiz2B_test_isim_beh.exe -intstyle ise -gui -tclbatch isim.cmd -wdb C:/cs221_lab/cs224_quiz2/quiz2B_test_isim_beh.wdb 
ISim P.40xd (signature 0x7708f090)
WARNING: A WEBPACK license was found.
WARNING: Please use Xilinx License Configuration Manager to check out a full ISim license.
WARNING: ISim will run in Lite mode. Please refer to the ISim documentation for more information on the differences between the Lite and the Full version.
This is a Lite version of ISim.
Time resolution is 1 ps
# onerror resume
# wave add /
# run 1000 ns
Simulator is doing circuit initialization process.
Finished circuit initialization process.
                   0 ld=0 din=0 incr=x en=0 overflow=x q=x
                  10 ld=1 din=0 incr=x en=1 overflow=x q=x
                  20 ld=1 din=1 incr=x en=1 overflow=x q=x
                  30 ld=1 din=1 incr=1 en=1 overflow=x q=x
                  40 ld=0 din=1 incr=1 en=1 overflow=x q=x
                  50 ld=0 din=0 incr=1 en=1 overflow=x q=x
Stopped at time : 110 ns :  in File "C:/cs221_lab/cs224_quiz2/quiz2B_test.v" Line 61 
