Command line:
   t_seq_10101_isim_beh.exe
     -simmode  gui
     -simrunnum  0
     -socket  56055

Tue Feb 08 18:15:51 2022


 Elaboration Time: 0.015625 sec

 Current Memory Usage: 5145.62 Meg

 Total Signals          : 17
 Total Nets             : 17
 Total Signal Drivers   : 9
 Total Blocks           : 3
 Total Primitive Blocks : 2
 Total Processes        : 19
 Total Traceable Variables  : 30
 Total Scalar Nets and Variables : 125
Total Line Count : 75

 Total Simulation Time: 0.890625 sec

 Current Memory Usage: 4673.77 Meg

Tue Feb 08 18:25:22 2022

