Release 14.3 - xst P.40xd (nt64)
Copyright (c) 1995-2012 Xilinx, Inc.  All rights reserved.
--> Parameter TMPDIR set to xst/projnav.tmp


Total REAL time to Xst completion: 0.00 secs
Total CPU time to Xst completion: 0.14 secs
 
--> Parameter xsthdpdir set to xst


Total REAL time to Xst completion: 0.00 secs
Total CPU time to Xst completion: 0.14 secs
 
--> Reading design: alu.prj

TABLE OF CONTENTS
  1) Synthesis Options Summary
  2) HDL Parsing
  3) HDL Elaboration
  4) HDL Synthesis
       4.1) HDL Synthesis Report
  5) Advanced HDL Synthesis
       5.1) Advanced HDL Synthesis Report
  6) Low Level Synthesis
  7) Partition Report
  8) Design Summary
       8.1) Primitive and Black Box Usage
       8.2) Device utilization summary
       8.3) Partition Resource Summary
       8.4) Timing Report
            8.4.1) Clock Information
            8.4.2) Asynchronous Control Signals Information
            8.4.3) Timing Summary
            8.4.4) Timing Details
            8.4.5) Cross Clock Domains Report


=========================================================================
*                      Synthesis Options Summary                        *
=========================================================================
---- Source Parameters
Input File Name                    : "alu.prj"
Ignore Synthesis Constraint File   : NO

---- Target Parameters
Output File Name                   : "alu"
Output Format                      : NGC
Target Device                      : xc7a100t-3-csg324

---- Source Options
Top Module Name                    : alu
Automatic FSM Extraction           : YES
FSM Encoding Algorithm             : Auto
Safe Implementation                : No
FSM Style                          : LUT
RAM Extraction                     : Yes
RAM Style                          : Auto
ROM Extraction                     : Yes
Shift Register Extraction          : YES
ROM Style                          : Auto
Resource Sharing                   : YES
Asynchronous To Synchronous        : NO
Shift Register Minimum Size        : 2
Use DSP Block                      : Auto
Automatic Register Balancing       : No

---- Target Options
LUT Combining                      : Auto
Reduce Control Sets                : Auto
Add IO Buffers                     : YES
Global Maximum Fanout              : 100000
Add Generic Clock Buffer(BUFG)     : 32
Register Duplication               : YES
Optimize Instantiated Primitives   : NO
Use Clock Enable                   : Auto
Use Synchronous Set                : Auto
Use Synchronous Reset              : Auto
Pack IO Registers into IOBs        : Auto
Equivalent register Removal        : YES

---- General Options
Optimization Goal                  : Speed
Optimization Effort                : 1
Power Reduction                    : NO
Keep Hierarchy                     : No
Netlist Hierarchy                  : As_Optimized
RTL Output                         : Yes
Global Optimization                : AllClockNets
Read Cores                         : YES
Write Timing Constraints           : NO
Cross Clock Analysis               : NO
Hierarchy Separator                : /
Bus Delimiter                      : <>
Case Specifier                     : Maintain
Slice Utilization Ratio            : 100
BRAM Utilization Ratio             : 100
DSP48 Utilization Ratio            : 100
Auto BRAM Packing                  : NO
Slice Utilization Ratio Delta      : 5

=========================================================================


=========================================================================
*                          HDL Parsing                                  *
=========================================================================
Analyzing Verilog file "C:\cs221_lab\cs221_lab3\alu.v" into library work
Parsing module <alu>.
WARNING:HDLCompiler:751 - "C:\cs221_lab\cs221_lab3\alu.v" Line 22: Redeclaration of ansi port o is not allowed
WARNING:HDLCompiler:751 - "C:\cs221_lab\cs221_lab3\alu.v" Line 23: Redeclaration of ansi port cout is not allowed

=========================================================================
*                            HDL Elaboration                            *
=========================================================================

Elaborating module <alu>.

=========================================================================
*                           HDL Synthesis                               *
=========================================================================

Synthesizing Unit <alu>.
    Related source file is "C:\cs221_lab\cs221_lab3\alu.v".
    Found 5-bit subtractor for signal <GND_1_o_GND_1_o_sub_3_OUT> created at line 28.
    Found 5-bit subtractor for signal <GND_1_o_GND_1_o_sub_4_OUT> created at line 28.
    Found 5-bit adder for signal <n0038> created at line 27.
    Found 5-bit adder for signal <BUS_0001_GND_1_o_add_1_OUT> created at line 27.
    Found 4-bit 8-to-1 multiplexer for signal <o> created at line 26.
WARNING:Xst:737 - Found 1-bit latch for signal <cout>. Latches may be generated from incomplete case or if statements. We do not recommend the use of latches in FPGA/CPLD designs, as they may lead to timing problems.
    Summary:
	inferred   4 Adder/Subtractor(s).
	inferred   1 Latch(s).
	inferred   2 Multiplexer(s).
Unit <alu> synthesized.

=========================================================================
HDL Synthesis Report

Macro Statistics
# Adders/Subtractors                                   : 4
 5-bit adder                                           : 2
 5-bit subtractor                                      : 2
# Latches                                              : 1
 1-bit latch                                           : 1
# Multiplexers                                         : 2
 1-bit 2-to-1 multiplexer                              : 1
 4-bit 8-to-1 multiplexer                              : 1

=========================================================================

=========================================================================
*                       Advanced HDL Synthesis                          *
=========================================================================


=========================================================================
Advanced HDL Synthesis Report

Macro Statistics
# Adders/Subtractors                                   : 2
 5-bit adder carry in                                  : 1
 5-bit subtractor borrow in                            : 1
# Multiplexers                                         : 2
 1-bit 2-to-1 multiplexer                              : 1
 4-bit 8-to-1 multiplexer                              : 1

=========================================================================

=========================================================================
*                         Low Level Synthesis                           *
=========================================================================

Optimizing unit <alu> ...

Mapping all equations...
Building and optimizing final netlist ...
Found area constraint ratio of 100 (+ 5) on block alu, actual ratio is 0.

Final Macro Processing ...

=========================================================================
Final Register Report

Found no macro
=========================================================================

=========================================================================
*                           Partition Report                            *
=========================================================================

Partition Implementation Status
-------------------------------

  No Partitions were found in this design.

-------------------------------

=========================================================================
*                            Design Summary                             *
=========================================================================

Top Level Output File Name         : alu.ngc

Primitive and Black Box Usage:
------------------------------
# BELS                             : 27
#      LUT2                        : 5
#      LUT3                        : 1
#      LUT4                        : 2
#      LUT5                        : 8
#      LUT6                        : 9
#      MUXF7                       : 2
# FlipFlops/Latches                : 1
#      LD                          : 1
# IO Buffers                       : 17
#      IBUF                        : 12
#      OBUF                        : 5

Device utilization summary:
---------------------------

Selected Device : 7a100tcsg324-3 


Slice Logic Utilization: 
 Number of Slice LUTs:                   25  out of  63400     0%  
    Number used as Logic:                25  out of  63400     0%  

Slice Logic Distribution: 
 Number of LUT Flip Flop pairs used:     25
   Number with an unused Flip Flop:      25  out of     25   100%  
   Number with an unused LUT:             0  out of     25     0%  
   Number of fully used LUT-FF pairs:     0  out of     25     0%  
   Number of unique control sets:         1

IO Utilization: 
 Number of IOs:                          17
 Number of bonded IOBs:                  17  out of    210     8%  
    IOB Flip Flops/Latches:               1

Specific Feature Utilization:

---------------------------
Partition Resource Summary:
---------------------------

  No Partitions were found in this design.

---------------------------


=========================================================================
Timing Report

NOTE: THESE TIMING NUMBERS ARE ONLY A SYNTHESIS ESTIMATE.
      FOR ACCURATE TIMING INFORMATION PLEASE REFER TO THE TRACE REPORT
      GENERATED AFTER PLACE-and-ROUTE.

Clock Information:
------------------
-----------------------------------------------+------------------------+-------+
Clock Signal                                   | Clock buffer(FF name)  | Load  |
-----------------------------------------------+------------------------+-------+
s[2]_GND_2_o_Mux_11_o(s[2]_GND_2_o_Mux_11_o1:O)| NONE(*)(cout)          | 1     |
-----------------------------------------------+------------------------+-------+
(*) This 1 clock signal(s) are generated by combinatorial logic,
and XST is not able to identify which are the primary clock signals.
Please use the CLOCK_SIGNAL constraint to specify the clock signal(s) generated by combinatorial logic.
INFO:Xst:2169 - HDL ADVISOR - Some clock signals were not automatically buffered by XST with BUFG/BUFR resources. Please use the buffer_type constraint in order to insert these buffers to the clock signals to help prevent skew problems.

Asynchronous Control Signals Information:
----------------------------------------
No asynchronous control signals found in this design

Timing Summary:
---------------
Speed Grade: -3

   Minimum period: No path found
   Minimum input arrival time before clock: 1.579ns
   Maximum output required time after clock: 0.751ns
   Maximum combinational path delay: 2.319ns

Timing Details:
---------------
All values displayed in nanoseconds (ns)

=========================================================================
Timing constraint: Default OFFSET IN BEFORE for Clock 's[2]_GND_2_o_Mux_11_o'
  Total number of paths / destination ports: 23 / 1
-------------------------------------------------------------------------
Offset:              1.579ns (Levels of Logic = 4)
  Source:            a<1> (PAD)
  Destination:       cout (LATCH)
  Destination Clock: s[2]_GND_2_o_Mux_11_o falling

  Data Path: a<1> to cout
                                Gate     Net
    Cell:in->out      fanout   Delay   Delay  Logical Name (Net Name)
    ----------------------------------------  ------------
     IBUF:I->O             8   0.001   0.715  a_1_IBUF (a_1_IBUF)
     LUT5:I0->O            3   0.097   0.389  Msub_GND_1_o_GND_1_o_sub_4_OUT_Madd_cy<1>11 (Msub_GND_1_o_GND_1_o_sub_4_OUT_Madd_cy<1>)
     LUT5:I3->O            1   0.097   0.000  Mmux_s[2]_cout_Mux_10_o13_G (N9)
     MUXF7:I1->O           1   0.279   0.000  Mmux_s[2]_cout_Mux_10_o13 (s[2]_cout_Mux_10_o)
     LD:D                     -0.028          cout
    ----------------------------------------
    Total                      1.579ns (0.474ns logic, 1.105ns route)
                                       (30.0% logic, 70.0% route)

=========================================================================
Timing constraint: Default OFFSET OUT AFTER for Clock 's[2]_GND_2_o_Mux_11_o'
  Total number of paths / destination ports: 1 / 1
-------------------------------------------------------------------------
Offset:              0.751ns (Levels of Logic = 1)
  Source:            cout (LATCH)
  Destination:       cout (PAD)
  Source Clock:      s[2]_GND_2_o_Mux_11_o falling

  Data Path: cout to cout
                                Gate     Net
    Cell:in->out      fanout   Delay   Delay  Logical Name (Net Name)
    ----------------------------------------  ------------
     LD:G->Q               1   0.472   0.279  cout (cout_OBUF)
     OBUF:I->O                 0.000          cout_OBUF (cout)
    ----------------------------------------
    Total                      0.751ns (0.472ns logic, 0.279ns route)
                                       (62.8% logic, 37.2% route)

=========================================================================
Timing constraint: Default path analysis
  Total number of paths / destination ports: 93 / 4
-------------------------------------------------------------------------
Delay:               2.319ns (Levels of Logic = 5)
  Source:            a<1> (PAD)
  Destination:       o<3> (PAD)

  Data Path: a<1> to o<3>
                                Gate     Net
    Cell:in->out      fanout   Delay   Delay  Logical Name (Net Name)
    ----------------------------------------  ------------
     IBUF:I->O             8   0.001   0.715  a_1_IBUF (a_1_IBUF)
     LUT5:I0->O            3   0.097   0.521  Msub_GND_1_o_GND_1_o_sub_4_OUT_Madd_cy<1>11 (Msub_GND_1_o_GND_1_o_sub_4_OUT_Madd_cy<1>)
     LUT5:I2->O            1   0.097   0.511  Mmux_o44 (Mmux_o43)
     LUT6:I3->O            1   0.097   0.279  Mmux_o46 (o_3_OBUF)
     OBUF:I->O                 0.000          o_3_OBUF (o<3>)
    ----------------------------------------
    Total                      2.319ns (0.292ns logic, 2.027ns route)
                                       (12.6% logic, 87.4% route)

=========================================================================

Cross Clock Domains Report:
--------------------------

=========================================================================


Total REAL time to Xst completion: 10.00 secs
Total CPU time to Xst completion: 10.87 secs
 
--> 

Total memory usage is 4614828 kilobytes

Number of errors   :    0 (   0 filtered)
Number of warnings :    3 (   0 filtered)
Number of infos    :    1 (   0 filtered)

