Running: /opt/Xilinx/14.7/ISE_DS/ISE/bin/lin64/unwrapped/fuse -intstyle ise -incremental -lib unisims_ver -lib unimacro_ver -lib xilinxcorelib_ver -lib secureip -o /home/chandrabhushan/coding/cs224_labs/lab_10_01/mem_controller_test_isim_beh.exe -prj /home/chandrabhushan/coding/cs224_labs/lab_10_01/mem_controller_test_beh.prj work.mem_controller_test work.glbl 
ISim P.20131013 (signature 0xfbc00daa)
Number of CPUs detected in this system: 4
Turning on mult-threading, number of parallel sub-compilation jobs: 8 
Determining compilation order of HDL files
Analyzing Verilog file "/home/chandrabhushan/coding/cs224_labs/lab_10_01/sram_sync.v" into library work
Analyzing Verilog file "/home/chandrabhushan/coding/cs224_labs/lab_10_01/reg_file.v" into library work
Analyzing Verilog file "/home/chandrabhushan/coding/cs224_labs/lab_10_01/alu.v" into library work
Analyzing Verilog file "/home/chandrabhushan/coding/cs224_labs/lab_10_01/mem_controller.v" into library work
Analyzing Verilog file "/home/chandrabhushan/coding/cs224_labs/lab_10_01/mem_controller_test.v" into library work
Analyzing Verilog file "/opt/Xilinx/14.7/ISE_DS/ISE//verilog/src/glbl.v" into library work
Starting static elaboration
Completed static elaboration
Fuse Memory Usage: 82948 KB
Fuse CPU Usage: 1010 ms
Compiling module sram_sync
Compiling module reg_file
Compiling module alu
Compiling module mem_controller
Compiling module mem_controller_test
Compiling module glbl
Time Resolution for simulation is 1ps.
Waiting for 1 sub-compilation(s) to finish...
Compiled 6 Verilog Units
Built simulation executable /home/chandrabhushan/coding/cs224_labs/lab_10_01/mem_controller_test_isim_beh.exe
Fuse Memory Usage: 643224 KB
Fuse CPU Usage: 1030 ms
GCC CPU Usage: 600 ms
